###############################################################
#  Generated by:      Cadence Tempus 22.11-s001_1
#  OS:                Linux x86_64(Host ID APL16.kletech.ac.in)
#  Generated on:      Sat May 31 16:34:31 2025
#  Design:            updown_counter
#  Command:           report_timing -from count_reg[1]/CK -to count_reg[2]/D -check_type setup
###############################################################
Path 1: MET Setup Check with Pin count_reg[2]/CK 
Endpoint:   count_reg[2]/D (^) checked with  leading edge of 'clk'
Beginpoint: count_reg[1]/Q (v) triggered by  leading edge of 'clk'
Path Groups: {clk}
Other End Arrival Time          0.000
- Setup                         0.112
+ Phase Shift                  10.000
- Uncertainty                   0.100
= Required Time                 9.788
- Arrival Time                  0.594
= Slack Time                    9.194
     Clock Rise Edge                 0.000
     + Clock Network Latency (Ideal) 0.000
     = Beginpoint Arrival Time       0.000
      ------------------------------------------------------------
      Instance      Arc          Cell     Delay  Arrival  Required  
                                                 Time     Time  
      ------------------------------------------------------------
      count_reg[1]  CK ^         -        -      0.000    9.194  
      count_reg[1]  CK ^ -> Q v  DFFTRX4  0.280  0.280    9.474  
      g232__5526    A v -> Y ^   NAND2X2  0.035  0.315    9.508  
      g2            A ^ -> Y v   XNOR2X4  0.195  0.510    9.704  
      g224__2398    A2 v -> Y ^  OAI32X2  0.084  0.594    9.788  
      count_reg[2]  D ^          DFFHQX8  0.000  0.594    9.788  
      ------------------------------------------------------------

###############################################################
#  Generated by:      Cadence Tempus 22.11-s001_1
#  OS:                Linux x86_64(Host ID APL16.kletech.ac.in)
#  Generated on:      Sat May 31 16:37:31 2025
#  Design:            updown_counter
#  Command:           report_timing -from updown -to count_reg[1]/D -check_type setup
###############################################################
Path 1: MET Setup Check with Pin count_reg[1]/CK 
Endpoint:   count_reg[1]/D (^) checked with  leading edge of 'clk'
Beginpoint: updown         (^) triggered by  leading edge of '@'
Path Groups: {clk}
Other End Arrival Time          0.000
- Setup                         0.190
+ Phase Shift                  10.000
- Uncertainty                   0.100
= Required Time                 9.710
- Arrival Time                  0.430
= Slack Time                    9.280
     Clock Rise Edge                      0.000
     + Input Delay                        0.000
     = Beginpoint Arrival Time            0.000
      -----------------------------------------------------------
      Instance      Arc         Cell     Delay  Arrival  Required  
                                                Time     Time  
      -----------------------------------------------------------
      -             updown ^    -        -      0.000    9.280  
      g233          A ^ -> Y v  INVXL    0.071  0.071    9.351  
      g226__4319    A v -> Y ^  XNOR3X1  0.359  0.430    9.710  
      count_reg[1]  D ^         DFFTRX4  0.000  0.430    9.710  
      -----------------------------------------------------------


