###############################################################
#  Generated by:      Cadence Tempus 22.11-s001_1
#  OS:                Linux x86_64(Host ID APL16.kletech.ac.in)
#  Generated on:      Sat May 31 17:04:11 2025
#  Design:            updown_counter
#  Command:           report_timing
###############################################################
Path 1: MET Setup Check with Pin count_reg[2]/CK 
Endpoint:   count_reg[2]/D (^) checked with  leading edge of 'clk'
Beginpoint: count_reg[2]/Q (v) triggered by  leading edge of 'clk'
Path Groups: {clk}
Other End Arrival Time          0.000
- Setup                         0.112
+ Phase Shift                  10.000
- Uncertainty                   0.100
= Required Time                 9.788
- Arrival Time                  0.654
= Slack Time                    9.133
     Clock Rise Edge                 0.000
     + Clock Network Latency (Ideal) 0.000
     = Beginpoint Arrival Time       0.000
      ------------------------------------------------------------
      Instance      Arc          Cell     Delay  Arrival  Required  
                                                 Time     Time  
      ------------------------------------------------------------
      count_reg[2]  CK ^         -        -      0.000    9.133  
      count_reg[2]  CK ^ -> Q v  DFFHQX8  0.341  0.341    9.474  
      g236          A v -> Y ^   INVX4    0.059  0.400    9.533  
      g2            B ^ -> Y v   XNOR2X4  0.171  0.570    9.704  
      g224__2398    A2 v -> Y ^  OAI32X2  0.084  0.654    9.788  
      count_reg[2]  D ^          DFFHQX8  0.000  0.654    9.788  
      ------------------------------------------------------------

