============================================================
  Generated by:           Genus(TM) Synthesis Solution 21.14-s082_1
  Generated on:           May 31 2025  04:12:51 pm
  Module:                 updown_counter
  Operating conditions:   slow (balanced_tree)
  Wireload mode:          enclosed
  Area mode:              timing library
============================================================


Path 1: MET (9134 ps) Setup Check with Pin count_reg[2]/CK->D
          Group: clk
     Startpoint: (R) count_reg[2]/CK
          Clock: (R) clk
       Endpoint: (R) count_reg[2]/D
          Clock: (R) clk

                     Capture       Launch     
        Clock Edge:+   10000            0     
       Src Latency:+       0            0     
       Net Latency:+       0 (I)        0 (I) 
           Arrival:=   10000            0     
                                              
             Setup:-     112                  
       Uncertainty:-     100                  
     Required Time:=    9788                  
      Launch Clock:-       0                  
         Data Path:-     654                  
             Slack:=    9134                  

#----------------------------------------------------------------------------------------
#  Timing Point   Flags   Arc   Edge   Cell     Fanout Load Trans Delay Arrival Instance 
#                                                      (fF)  (ps)  (ps)   (ps)  Location 
#----------------------------------------------------------------------------------------
  count_reg[2]/CK -       -     R     (arrival)      3    -    50     0       0    (-,-) 
  count_reg[2]/Q  -       CK->Q F     DFFHQX8        3 54.4   132   340     340    (-,-) 
  g236/Y          -       A->Y  R     INVX4          2  3.1    40    59     399    (-,-) 
  g2/Y            -       B->Y  F     XNOR2X4        1  1.5    60   171     570    (-,-) 
  g224__2398/Y    -       A2->Y R     OAI32X2        1  0.7   133    84     654    (-,-) 
  count_reg[2]/D  <<<     -     R     DFFHQX8        1    -     -     0     654    (-,-) 
#----------------------------------------------------------------------------------------

